<?xml version="1.0" encoding="UTF-8"?>
<testng-results skipped="0" failed="0" ignored="0" total="2" passed="2">
  <reporter-output>
  </reporter-output>
  <suite name="Default suite" duration-ms="22159" started-at="2020-02-08T16:46:07 EST" finished-at="2020-02-08T16:46:29 EST">
    <groups>
    </groups>
    <test name="Default test" duration-ms="22159" started-at="2020-02-08T16:46:07 EST" finished-at="2020-02-08T16:46:29 EST">
      <class name="tests.LoginTest">
        <test-method status="PASS" signature="beforeMethod()[pri:0, instance:tests.LoginTest@564fabc8]" name="beforeMethod" is-config="true" duration-ms="4451" started-at="2020-02-08T16:46:07 EST" finished-at="2020-02-08T16:46:12 EST">
          <reporter-output>
          </reporter-output>
        </test-method> <!-- beforeMethod -->
        <test-method status="PASS" signature="verifyLoginWithWrongPasswordTest()[pri:1, instance:tests.LoginTest@564fabc8]" name="verifyLoginWithWrongPasswordTest" duration-ms="8445" started-at="2020-02-08T16:46:12 EST" finished-at="2020-02-08T16:46:20 EST">
          <reporter-output>
          </reporter-output>
        </test-method> <!-- verifyLoginWithWrongPasswordTest -->
        <test-method status="PASS" signature="afterMethod()[pri:0, instance:tests.LoginTest@564fabc8]" name="afterMethod" is-config="true" duration-ms="1060" started-at="2020-02-08T16:46:20 EST" finished-at="2020-02-08T16:46:21 EST">
          <reporter-output>
          </reporter-output>
        </test-method> <!-- afterMethod -->
        <test-method status="PASS" signature="beforeMethod()[pri:0, instance:tests.LoginTest@564fabc8]" name="beforeMethod" is-config="true" duration-ms="3789" started-at="2020-02-08T16:46:21 EST" finished-at="2020-02-08T16:46:25 EST">
          <reporter-output>
          </reporter-output>
        </test-method> <!-- beforeMethod -->
        <test-method status="PASS" signature="verifyLoginWithWrongEmailTest()[pri:2, instance:tests.LoginTest@564fabc8]" name="verifyLoginWithWrongEmailTest" duration-ms="3343" started-at="2020-02-08T16:46:25 EST" finished-at="2020-02-08T16:46:28 EST">
          <reporter-output>
          </reporter-output>
        </test-method> <!-- verifyLoginWithWrongEmailTest -->
        <test-method status="PASS" signature="afterMethod()[pri:0, instance:tests.LoginTest@564fabc8]" name="afterMethod" is-config="true" duration-ms="1052" started-at="2020-02-08T16:46:28 EST" finished-at="2020-02-08T16:46:29 EST">
          <reporter-output>
          </reporter-output>
        </test-method> <!-- afterMethod -->
      </class> <!-- tests.LoginTest -->
    </test> <!-- Default test -->
  </suite> <!-- Default suite -->
</testng-results>
