<?xml version="1.0" encoding="UTF-8"?>
<testng-results skipped="0" failed="0" ignored="0" total="5" passed="5">
  <reporter-output>
  </reporter-output>
  <suite name="Default suite" duration-ms="191" started-at="2020-02-12T20:33:07 EST" finished-at="2020-02-12T20:33:07 EST">
    <groups>
    </groups>
    <test name="Default test" duration-ms="191" started-at="2020-02-12T20:33:07 EST" finished-at="2020-02-12T20:33:07 EST">
      <class name="selenium.Testing1">
        <test-method status="PASS" signature="beforeSuite()[pri:0, instance:selenium.Testing1@370736d9]" name="beforeSuite" is-config="true" duration-ms="18" started-at="2020-02-12T20:33:07 EST" finished-at="2020-02-12T20:33:07 EST">
          <reporter-output>
          </reporter-output>
        </test-method> <!-- beforeSuite -->
        <test-method status="PASS" signature="beforeTest()[pri:0, instance:selenium.Testing1@370736d9]" name="beforeTest" is-config="true" duration-ms="1" started-at="2020-02-12T20:33:07 EST" finished-at="2020-02-12T20:33:07 EST">
          <reporter-output>
          </reporter-output>
        </test-method> <!-- beforeTest -->
        <test-method status="PASS" signature="beforeClass()[pri:0, instance:selenium.Testing1@370736d9]" name="beforeClass" is-config="true" duration-ms="1" started-at="2020-02-12T20:33:07 EST" finished-at="2020-02-12T20:33:07 EST">
          <reporter-output>
          </reporter-output>
        </test-method> <!-- beforeClass -->
        <test-method status="PASS" signature="beforeMethod()[pri:0, instance:selenium.Testing1@370736d9]" name="beforeMethod" is-config="true" duration-ms="2" started-at="2020-02-12T20:33:07 EST" finished-at="2020-02-12T20:33:07 EST">
          <reporter-output>
          </reporter-output>
        </test-method> <!-- beforeMethod -->
        <test-method status="PASS" signature="f(java.lang.Integer, java.lang.String)[pri:0, instance:selenium.Testing1@370736d9]" name="f" duration-ms="17" started-at="2020-02-12T20:33:07 EST" data-provider="dp" finished-at="2020-02-12T20:33:07 EST">
          <params>
            <param index="0">
              <value>
                <![CDATA[1]]>
              </value>
            </param>
            <param index="1">
              <value>
                <![CDATA[a]]>
              </value>
            </param>
          </params>
          <reporter-output>
          </reporter-output>
        </test-method> <!-- f -->
        <test-method status="PASS" signature="afterMethod()[pri:0, instance:selenium.Testing1@370736d9]" name="afterMethod" is-config="true" duration-ms="1" started-at="2020-02-12T20:33:07 EST" finished-at="2020-02-12T20:33:07 EST">
          <reporter-output>
          </reporter-output>
        </test-method> <!-- afterMethod -->
        <test-method status="PASS" signature="beforeMethod()[pri:0, instance:selenium.Testing1@370736d9]" name="beforeMethod" is-config="true" duration-ms="0" started-at="2020-02-12T20:33:07 EST" finished-at="2020-02-12T20:33:07 EST">
          <reporter-output>
          </reporter-output>
        </test-method> <!-- beforeMethod -->
        <test-method status="PASS" signature="f(java.lang.Integer, java.lang.String)[pri:0, instance:selenium.Testing1@370736d9]" name="f" duration-ms="4" started-at="2020-02-12T20:33:07 EST" data-provider="dp" finished-at="2020-02-12T20:33:07 EST">
          <params>
            <param index="0">
              <value>
                <![CDATA[2]]>
              </value>
            </param>
            <param index="1">
              <value>
                <![CDATA[b]]>
              </value>
            </param>
          </params>
          <reporter-output>
          </reporter-output>
        </test-method> <!-- f -->
        <test-method status="PASS" signature="afterMethod()[pri:0, instance:selenium.Testing1@370736d9]" name="afterMethod" is-config="true" duration-ms="0" started-at="2020-02-12T20:33:07 EST" finished-at="2020-02-12T20:33:07 EST">
          <reporter-output>
          </reporter-output>
        </test-method> <!-- afterMethod -->
        <test-method status="PASS" signature="beforeMethod()[pri:0, instance:selenium.Testing1@370736d9]" name="beforeMethod" is-config="true" duration-ms="3" started-at="2020-02-12T20:33:07 EST" finished-at="2020-02-12T20:33:07 EST">
          <reporter-output>
          </reporter-output>
        </test-method> <!-- beforeMethod -->
        <test-method status="PASS" signature="test1()[pri:0, instance:selenium.Testing1@370736d9]" name="test1" duration-ms="3" started-at="2020-02-12T20:33:07 EST" finished-at="2020-02-12T20:33:07 EST">
          <reporter-output>
          </reporter-output>
        </test-method> <!-- test1 -->
        <test-method status="PASS" signature="afterMethod()[pri:0, instance:selenium.Testing1@370736d9]" name="afterMethod" is-config="true" duration-ms="1" started-at="2020-02-12T20:33:07 EST" finished-at="2020-02-12T20:33:07 EST">
          <reporter-output>
          </reporter-output>
        </test-method> <!-- afterMethod -->
        <test-method status="PASS" signature="beforeMethod()[pri:0, instance:selenium.Testing1@370736d9]" name="beforeMethod" is-config="true" duration-ms="2" started-at="2020-02-12T20:33:07 EST" finished-at="2020-02-12T20:33:07 EST">
          <reporter-output>
          </reporter-output>
        </test-method> <!-- beforeMethod -->
        <test-method status="PASS" signature="test2()[pri:0, instance:selenium.Testing1@370736d9]" name="test2" duration-ms="6" started-at="2020-02-12T20:33:07 EST" finished-at="2020-02-12T20:33:07 EST">
          <reporter-output>
          </reporter-output>
        </test-method> <!-- test2 -->
        <test-method status="PASS" signature="afterMethod()[pri:0, instance:selenium.Testing1@370736d9]" name="afterMethod" is-config="true" duration-ms="1" started-at="2020-02-12T20:33:07 EST" finished-at="2020-02-12T20:33:07 EST">
          <reporter-output>
          </reporter-output>
        </test-method> <!-- afterMethod -->
        <test-method status="PASS" signature="beforeMethod()[pri:0, instance:selenium.Testing1@370736d9]" name="beforeMethod" is-config="true" duration-ms="1" started-at="2020-02-12T20:33:07 EST" finished-at="2020-02-12T20:33:07 EST">
          <reporter-output>
          </reporter-output>
        </test-method> <!-- beforeMethod -->
        <test-method status="PASS" signature="test3()[pri:0, instance:selenium.Testing1@370736d9]" name="test3" duration-ms="10" started-at="2020-02-12T20:33:07 EST" finished-at="2020-02-12T20:33:07 EST">
          <reporter-output>
          </reporter-output>
        </test-method> <!-- test3 -->
        <test-method status="PASS" signature="afterMethod()[pri:0, instance:selenium.Testing1@370736d9]" name="afterMethod" is-config="true" duration-ms="1" started-at="2020-02-12T20:33:07 EST" finished-at="2020-02-12T20:33:07 EST">
          <reporter-output>
          </reporter-output>
        </test-method> <!-- afterMethod -->
        <test-method status="PASS" signature="afterClass()[pri:0, instance:selenium.Testing1@370736d9]" name="afterClass" is-config="true" duration-ms="0" started-at="2020-02-12T20:33:07 EST" finished-at="2020-02-12T20:33:07 EST">
          <reporter-output>
          </reporter-output>
        </test-method> <!-- afterClass -->
        <test-method status="PASS" signature="afterTest()[pri:0, instance:selenium.Testing1@370736d9]" name="afterTest" is-config="true" duration-ms="1" started-at="2020-02-12T20:33:07 EST" finished-at="2020-02-12T20:33:07 EST">
          <reporter-output>
          </reporter-output>
        </test-method> <!-- afterTest -->
        <test-method status="PASS" signature="afterSuite()[pri:0, instance:selenium.Testing1@370736d9]" name="afterSuite" is-config="true" duration-ms="1" started-at="2020-02-12T20:33:07 EST" finished-at="2020-02-12T20:33:07 EST">
          <reporter-output>
          </reporter-output>
        </test-method> <!-- afterSuite -->
      </class> <!-- selenium.Testing1 -->
    </test> <!-- Default test -->
  </suite> <!-- Default suite -->
</testng-results>
