<?xml version="1.0" encoding="UTF-8"?>
<!-- Generated by org.testng.reporters.JUnitXMLReporter -->
<testsuite hostname="LAPTOP-8GHHT276" ignored="0" name="Default test" tests="5" failures="0" timestamp="2020-02-12T20:33:07 EST" time="0.191" errors="0">
  <testcase name="f" time="0.017" classname="selenium.Testing1"/>
  <testcase name="f" time="0.004" classname="selenium.Testing1"/>
  <testcase name="test1" time="0.003" classname="selenium.Testing1"/>
  <testcase name="test2" time="0.006" classname="selenium.Testing1"/>
  <testcase name="test3" time="0.01" classname="selenium.Testing1"/>
</testsuite> <!-- Default test -->
